FASTA: /Users/alexyang/Documents/Part III System Biology/TE Classification/data/vgp/all_vgp_tes.fa
Labels: /Users/alexyang/Documents/Part III System Biology/TE Classification/data/vgp/features-tpase
Limit: None  Chunk: 2000  Batch: 32
Loading helpers from /Users/alexyang/Documents/Part III System Biology/TE Classification/data_analysis/vgp_model_split_fix/v4.2/cluster session/vgp_hybrid_v4.2.ipynb
PyTorch version: 2.9.0
CUDA available: False
MPS available: True
Using device: mps
  helpers loaded.
Device: mps  FIXED_LENGTH=20000

=== Loading labels ===
  135,751 label entries in 0.0s

=== Pass 1: parse FASTA headers (no sequences kept) ===
  parsed 135,751 sequences in 0.3s (missing-tag fallback to 'None': 0); will infer on first 135,751

=== Computing split provenance ===
  done in 0.1s
  outer_role counts: Counter({'untracked': 124723, 'trainval': 7469, 'test': 3180, 'excluded': 379})
  inner_role counts: Counter({'untracked': 124723, 'train': 5680, 'test_outer': 3180, 'val': 1789, 'excluded': 379})
  excluded_genome:   379 sequences

=== Loading checkpoints ===
  v4.3_rotating: epoch=40, score=0.9988, n_sf=23
  v4.3_singlefold: epoch=28, score=0.8347, n_sf=23
  shared featurizer: k=7 dim=2048 window=512 stride=256
  opened all_predictions_v4.3_rotating_full.csv
  opened all_predictions_v4.3_singlefold_full.csv

=== Pass 2: streaming FASTA in chunks of 2000 ===
   [v4.3_rotating] inference 22.2s
   [v4.3_singlefold] inference 21.5s
  chunk done: featurise 96.1s | progress 2,000/135,751 (1.5%) | rate 14.3/s | ETA 156.0 min
   [v4.3_rotating] inference 21.9s
   [v4.3_singlefold] inference 21.6s
  chunk done: featurise 86.0s | progress 4,000/135,751 (2.9%) | rate 14.8/s | ETA 148.0 min
   [v4.3_rotating] inference 21.8s
   [v4.3_singlefold] inference 21.6s
  chunk done: featurise 91.0s | progress 6,000/135,751 (4.4%) | rate 14.8/s | ETA 145.7 min
   [v4.3_rotating] inference 21.7s
   [v4.3_singlefold] inference 21.5s
  chunk done: featurise 87.0s | progress 8,000/135,751 (5.9%) | rate 15.0/s | ETA 142.2 min
   [v4.3_rotating] inference 22.2s
   [v4.3_singlefold] inference 21.4s
  chunk done: featurise 59.8s | progress 10,000/135,751 (7.4%) | rate 15.7/s | ETA 133.7 min
   [v4.3_rotating] inference 22.1s
   [v4.3_singlefold] inference 21.3s
  chunk done: featurise 60.8s | progress 12,000/135,751 (8.8%) | rate 16.2/s | ETA 127.6 min
   [v4.3_rotating] inference 22.3s
   [v4.3_singlefold] inference 21.4s
  chunk done: featurise 95.2s | progress 14,000/135,751 (10.3%) | rate 15.9/s | ETA 127.7 min
   [v4.3_rotating] inference 22.5s
   [v4.3_singlefold] inference 21.5s
  chunk done: featurise 82.1s | progress 16,000/135,751 (11.8%) | rate 15.9/s | ETA 125.7 min
   [v4.3_rotating] inference 21.8s
   [v4.3_singlefold] inference 21.5s
  chunk done: featurise 54.4s | progress 18,000/135,751 (13.3%) | rate 16.3/s | ETA 120.5 min
   [v4.3_rotating] inference 22.5s
   [v4.3_singlefold] inference 21.8s
  chunk done: featurise 75.5s | progress 20,000/135,751 (14.7%) | rate 16.3/s | ETA 118.2 min
   [v4.3_rotating] inference 22.7s
   [v4.3_singlefold] inference 21.6s
  chunk done: featurise 65.8s | progress 22,000/135,751 (16.2%) | rate 16.5/s | ETA 115.1 min
   [v4.3_rotating] inference 22.3s
   [v4.3_singlefold] inference 21.5s
  chunk done: featurise 89.9s | progress 24,000/135,751 (17.7%) | rate 16.3/s | ETA 114.0 min
   [v4.3_rotating] inference 22.3s
   [v4.3_singlefold] inference 21.4s
  chunk done: featurise 65.9s | progress 26,000/135,751 (19.2%) | rate 16.5/s | ETA 111.1 min
   [v4.3_rotating] inference 23.0s
   [v4.3_singlefold] inference 21.5s
  chunk done: featurise 130.7s | progress 28,000/135,751 (20.6%) | rate 16.0/s | ETA 112.5 min
   [v4.3_rotating] inference 22.9s
   [v4.3_singlefold] inference 21.4s
  chunk done: featurise 83.1s | progress 30,000/135,751 (22.1%) | rate 15.9/s | ETA 110.5 min
   [v4.3_rotating] inference 22.8s
   [v4.3_singlefold] inference 21.6s
  chunk done: featurise 89.4s | progress 32,000/135,751 (23.6%) | rate 15.9/s | ETA 108.9 min
   [v4.3_rotating] inference 22.5s
   [v4.3_singlefold] inference 21.5s
  chunk done: featurise 84.3s | progress 34,000/135,751 (25.0%) | rate 15.9/s | ETA 106.9 min
   [v4.3_rotating] inference 22.5s
   [v4.3_singlefold] inference 21.3s
  chunk done: featurise 53.2s | progress 36,000/135,751 (26.5%) | rate 16.1/s | ETA 103.5 min
   [v4.3_rotating] inference 22.4s
   [v4.3_singlefold] inference 21.5s
  chunk done: featurise 90.2s | progress 38,000/135,751 (28.0%) | rate 16.0/s | ETA 101.8 min
   [v4.3_rotating] inference 23.0s
   [v4.3_singlefold] inference 21.5s
  chunk done: featurise 66.4s | progress 40,000/135,751 (29.5%) | rate 16.1/s | ETA 99.2 min
   [v4.3_rotating] inference 23.4s
   [v4.3_singlefold] inference 21.5s
  chunk done: featurise 51.6s | progress 42,000/135,751 (30.9%) | rate 16.3/s | ETA 96.1 min
   [v4.3_rotating] inference 23.2s
   [v4.3_singlefold] inference 21.3s
  chunk done: featurise 46.7s | progress 44,000/135,751 (32.4%) | rate 16.5/s | ETA 92.9 min
   [v4.3_rotating] inference 22.6s
   [v4.3_singlefold] inference 21.4s
  chunk done: featurise 48.5s | progress 46,000/135,751 (33.9%) | rate 16.6/s | ETA 90.0 min
   [v4.3_rotating] inference 22.4s
   [v4.3_singlefold] inference 21.2s
  chunk done: featurise 48.9s | progress 48,000/135,751 (35.4%) | rate 16.8/s | ETA 87.1 min
   [v4.3_rotating] inference 22.2s
   [v4.3_singlefold] inference 21.2s
  chunk done: featurise 43.3s | progress 50,000/135,751 (36.8%) | rate 17.0/s | ETA 84.2 min
   [v4.3_rotating] inference 22.3s
   [v4.3_singlefold] inference 21.2s
  chunk done: featurise 54.4s | progress 52,000/135,751 (38.3%) | rate 17.1/s | ETA 81.7 min
   [v4.3_rotating] inference 22.2s
   [v4.3_singlefold] inference 21.1s
  chunk done: featurise 42.9s | progress 54,000/135,751 (39.8%) | rate 17.3/s | ETA 79.0 min
   [v4.3_rotating] inference 22.0s
   [v4.3_singlefold] inference 21.2s
  chunk done: featurise 52.2s | progress 56,000/135,751 (41.3%) | rate 17.4/s | ETA 76.6 min
   [v4.3_rotating] inference 22.1s
   [v4.3_singlefold] inference 21.1s
  chunk done: featurise 44.2s | progress 58,000/135,751 (42.7%) | rate 17.5/s | ETA 74.0 min
   [v4.3_rotating] inference 22.3s
   [v4.3_singlefold] inference 21.2s
  chunk done: featurise 51.1s | progress 60,000/135,751 (44.2%) | rate 17.6/s | ETA 71.7 min
   [v4.3_rotating] inference 22.7s
   [v4.3_singlefold] inference 21.2s
  chunk done: featurise 37.3s | progress 62,000/135,751 (45.7%) | rate 17.8/s | ETA 69.2 min
   [v4.3_rotating] inference 22.5s
   [v4.3_singlefold] inference 21.2s
  chunk done: featurise 51.4s | progress 64,000/135,751 (47.1%) | rate 17.9/s | ETA 67.0 min
   [v4.3_rotating] inference 22.2s
   [v4.3_singlefold] inference 21.1s
  chunk done: featurise 41.3s | progress 66,000/135,751 (48.6%) | rate 18.0/s | ETA 64.6 min
   [v4.3_rotating] inference 22.4s
   [v4.3_singlefold] inference 21.2s
  chunk done: featurise 49.1s | progress 68,000/135,751 (50.1%) | rate 18.1/s | ETA 62.5 min
   [v4.3_rotating] inference 21.5s
   [v4.3_singlefold] inference 21.1s
  chunk done: featurise 33.5s | progress 70,000/135,751 (51.6%) | rate 18.2/s | ETA 60.1 min
   [v4.3_rotating] inference 22.7s
   [v4.3_singlefold] inference 21.2s
  chunk done: featurise 49.3s | progress 72,000/135,751 (53.0%) | rate 18.3/s | ETA 58.0 min
   [v4.3_rotating] inference 21.7s
   [v4.3_singlefold] inference 21.1s
  chunk done: featurise 36.3s | progress 74,000/135,751 (54.5%) | rate 18.5/s | ETA 55.8 min
   [v4.3_rotating] inference 21.8s
   [v4.3_singlefold] inference 21.2s
  chunk done: featurise 59.6s | progress 76,000/135,751 (56.0%) | rate 18.5/s | ETA 53.9 min
   [v4.3_rotating] inference 21.5s
   [v4.3_singlefold] inference 21.1s
  chunk done: featurise 28.4s | progress 78,000/135,751 (57.5%) | rate 18.6/s | ETA 51.6 min
   [v4.3_rotating] inference 21.8s
   [v4.3_singlefold] inference 21.2s
  chunk done: featurise 52.8s | progress 80,000/135,751 (58.9%) | rate 18.7/s | ETA 49.7 min
   [v4.3_rotating] inference 22.0s
   [v4.3_singlefold] inference 21.2s
  chunk done: featurise 55.0s | progress 82,000/135,751 (60.4%) | rate 18.7/s | ETA 47.8 min
   [v4.3_rotating] inference 21.4s
   [v4.3_singlefold] inference 21.0s
  chunk done: featurise 26.7s | progress 84,000/135,751 (61.9%) | rate 18.9/s | ETA 45.7 min
   [v4.3_rotating] inference 21.5s
   [v4.3_singlefold] inference 21.1s
  chunk done: featurise 47.8s | progress 86,000/135,751 (63.4%) | rate 19.0/s | ETA 43.8 min
   [v4.3_rotating] inference 22.0s
   [v4.3_singlefold] inference 21.1s
  chunk done: featurise 44.0s | progress 88,000/135,751 (64.8%) | rate 19.0/s | ETA 41.8 min
   [v4.3_rotating] inference 21.6s
   [v4.3_singlefold] inference 21.0s
  chunk done: featurise 33.6s | progress 90,000/135,751 (66.3%) | rate 19.1/s | ETA 39.8 min
   [v4.3_rotating] inference 21.5s
   [v4.3_singlefold] inference 21.1s
  chunk done: featurise 39.1s | progress 92,000/135,751 (67.8%) | rate 19.2/s | ETA 37.9 min
   [v4.3_rotating] inference 21.8s
   [v4.3_singlefold] inference 21.1s
  chunk done: featurise 40.7s | progress 94,000/135,751 (69.2%) | rate 19.3/s | ETA 36.0 min
   [v4.3_rotating] inference 21.4s
   [v4.3_singlefold] inference 21.1s
  chunk done: featurise 43.2s | progress 96,000/135,751 (70.7%) | rate 19.4/s | ETA 34.2 min
   [v4.3_rotating] inference 21.9s
   [v4.3_singlefold] inference 21.1s
  chunk done: featurise 56.4s | progress 98,000/135,751 (72.2%) | rate 19.4/s | ETA 32.4 min
   [v4.3_rotating] inference 21.5s
   [v4.3_singlefold] inference 21.1s
  chunk done: featurise 47.2s | progress 100,000/135,751 (73.7%) | rate 19.4/s | ETA 30.6 min
   [v4.3_rotating] inference 22.2s
   [v4.3_singlefold] inference 21.2s
  chunk done: featurise 69.0s | progress 102,000/135,751 (75.1%) | rate 19.4/s | ETA 29.0 min
   [v4.3_rotating] inference 21.4s
   [v4.3_singlefold] inference 21.1s
  chunk done: featurise 43.8s | progress 104,000/135,751 (76.6%) | rate 19.5/s | ETA 27.2 min
   [v4.3_rotating] inference 21.9s
   [v4.3_singlefold] inference 21.2s
  chunk done: featurise 60.3s | progress 106,000/135,751 (78.1%) | rate 19.5/s | ETA 25.5 min
   [v4.3_rotating] inference 22.0s
   [v4.3_singlefold] inference 21.1s
  chunk done: featurise 46.2s | progress 108,000/135,751 (79.6%) | rate 19.5/s | ETA 23.7 min
   [v4.3_rotating] inference 21.7s
   [v4.3_singlefold] inference 21.1s
  chunk done: featurise 48.7s | progress 110,000/135,751 (81.0%) | rate 19.6/s | ETA 21.9 min
   [v4.3_rotating] inference 21.8s
   [v4.3_singlefold] inference 21.2s
  chunk done: featurise 60.2s | progress 112,000/135,751 (82.5%) | rate 19.5/s | ETA 20.2 min
   [v4.3_rotating] inference 22.0s
   [v4.3_singlefold] inference 21.2s
  chunk done: featurise 54.3s | progress 114,000/135,751 (84.0%) | rate 19.6/s | ETA 18.5 min
   [v4.3_rotating] inference 21.3s
   [v4.3_singlefold] inference 21.2s
  chunk done: featurise 76.9s | progress 116,000/135,751 (85.5%) | rate 19.5/s | ETA 16.9 min
   [v4.3_rotating] inference 21.6s
   [v4.3_singlefold] inference 21.2s
  chunk done: featurise 70.2s | progress 118,000/135,751 (86.9%) | rate 19.5/s | ETA 15.2 min
   [v4.3_rotating] inference 21.7s
   [v4.3_singlefold] inference 21.2s
  chunk done: featurise 58.8s | progress 120,000/135,751 (88.4%) | rate 19.5/s | ETA 13.5 min
   [v4.3_rotating] inference 21.3s
   [v4.3_singlefold] inference 21.3s
  chunk done: featurise 58.2s | progress 122,000/135,751 (89.9%) | rate 19.5/s | ETA 11.8 min
   [v4.3_rotating] inference 21.5s
   [v4.3_singlefold] inference 21.2s
  chunk done: featurise 54.7s | progress 124,000/135,751 (91.3%) | rate 19.5/s | ETA 10.0 min
   [v4.3_rotating] inference 21.6s
   [v4.3_singlefold] inference 21.2s
  chunk done: featurise 54.5s | progress 126,000/135,751 (92.8%) | rate 19.5/s | ETA 8.3 min
   [v4.3_rotating] inference 21.6s
   [v4.3_singlefold] inference 21.2s
  chunk done: featurise 56.9s | progress 128,000/135,751 (94.3%) | rate 19.5/s | ETA 6.6 min
   [v4.3_rotating] inference 21.4s
   [v4.3_singlefold] inference 21.2s
  chunk done: featurise 54.8s | progress 130,000/135,751 (95.8%) | rate 19.5/s | ETA 4.9 min
   [v4.3_rotating] inference 21.6s
   [v4.3_singlefold] inference 21.2s
  chunk done: featurise 53.9s | progress 132,000/135,751 (97.2%) | rate 19.6/s | ETA 3.2 min
   [v4.3_rotating] inference 21.4s
   [v4.3_singlefold] inference 21.1s
  chunk done: featurise 31.0s | progress 134,000/135,751 (98.7%) | rate 19.6/s | ETA 1.5 min
   [v4.3_rotating] inference 19.2s
   [v4.3_singlefold] inference 18.6s
  chunk done: featurise 42.2s | progress 135,751/135,751 (100.0%) | rate 19.7/s | ETA 0.0 min

DONE. Wrote:
  /Users/alexyang/Documents/Part III System Biology/TE Classification/data_analysis/vgp_model_split_fix/all_predictions_v4.3_rotating_full.csv
  /Users/alexyang/Documents/Part III System Biology/TE Classification/data_analysis/vgp_model_split_fix/all_predictions_v4.3_singlefold_full.csv

=== Building joint summary ===
  wrote /Users/alexyang/Documents/Part III System Biology/TE Classification/data_analysis/vgp_model_split_fix/all_predictions_v4.3_full_summary.md
