[params] EPOCHS=6 SUBSET_SIZE=5000 DANN_LAMBDA=0.5 DANN_WARMUP=1 GDRO_ETA=0.05 TAG='_6ep'
Device: mps
PyTorch: 2.9.0  CUDA: False  MPS: True
PyTorch version: 2.9.0
CUDA available: False
MPS available: True
Using device: mps
[skip] kernel state missing (name 'model' is not defined); load a checkpoint first.
=== Loading data ===
Loaded 135751 sequences (binary DNA vs non-DNA)

Top-level class distribution:
  None          84512   (non-DNA -> 0)
  LTR           25568   (non-DNA -> 0)
  LINE          14084   (non-DNA -> 0)
  DNA           10779   (DNA -> 1)
  SINE            566   (non-DNA -> 0)
  PLE             151   (non-DNA -> 0)
  RC               91   (non-DNA -> 0)

Binary totals: DNA=10779, non-DNA=124972
After cap: 36637 (DNA=10382, non-DNA=26255)
Subset: 5000 sequences
Species in subset: 448 | clades: ['a', 'b', 'e', 'f', 'k', 'm', 'r', 's']
=== K-mer featurization ===
  [500/5000] 2.0s
  [1000/5000] 3.5s
  [1500/5000] 5.0s
  [2000/5000] 6.4s
  [2500/5000] 7.8s
  [3000/5000] 9.2s
  [3500/5000] 10.7s
  [4000/5000] 12.1s
  [4500/5000] 13.3s
  [5000/5000] 14.5s
Splits: train=2939 (268sp) | val=939 (90sp) | test=1122 (90sp)

>>> arm track=T2 stack=OFF device=mps
  params: 803,594
=== Training (track=T2, stack=False, epochs=6) ===
  ep 1/6 | loss 3.3565 | val cls F1 0.4023 | val SF F1 0.0016 | gate n/a | 120s
      hAT P=0.000 R=0.000 F1=0.000 n=181
  ep 2/6 | loss 3.3534 | val cls F1 0.4748 | val SF F1 0.0463 | gate n/a | 120s
      hAT P=0.000 R=0.000 F1=0.000 n=181
  ep 3/6 | loss 3.3014 | val cls F1 0.4107 | val SF F1 0.0317 | gate n/a | 120s
      hAT P=0.000 R=0.000 F1=0.000 n=181
  ep 4/6 | loss 3.1875 | val cls F1 0.5392 | val SF F1 0.0017 | gate n/a | 120s
      hAT P=0.000 R=0.000 F1=0.000 n=181
  ep 5/6 | loss 3.1852 | val cls F1 0.6215 | val SF F1 0.0716 | gate n/a | 120s
      hAT P=0.000 R=0.000 F1=0.000 n=181
  ep 6/6 | loss 3.0713 | val cls F1 0.6984 | val SF F1 0.1270 | gate n/a | 120s
      hAT P=0.000 R=0.000 F1=0.000 n=181

=== Held-out test (species-disjoint) ===
  cls macro F1: 0.6670
  SF macro F1 : 0.1426
  DNA                    P=0.720 R=0.429 F1=0.537 n=42
  DNA/Academ-1           P=0.000 R=0.000 F1=0.000 n=39
  DNA/CMC                P=0.000 R=0.000 F1=0.000 n=7
  DNA/Maverick           P=0.036 R=0.786 F1=0.069 n=14
  DNA/PIF-Harbinger      P=0.000 R=0.000 F1=0.000 n=19
  DNA/PiggyBac           P=0.000 R=0.000 F1=0.000 n=16
  DNA/TcMar-Tc1          P=0.575 R=0.500 F1=0.535 n=46
  DNA/hAT                P=0.000 R=0.000 F1=0.000 n=192
  per-clade hAT recall (test, clade-id):
    clade=0 n=163 R=0.000
    clade=3 n=7 R=0.000
    clade=4 n=10 R=0.000
    clade=6 n=9 R=0.000
    clade=7 n=3 R=0.000
  wrote /Users/alexyang/Documents/Part III System Biology/TE Classification/data_analysis/vgp_model_split_fix/v4/round2/results/T2/smoke_T2_nostack_6ep.json
