[params] EPOCHS=6 SUBSET_SIZE=5000 DANN_LAMBDA=0.05 DANN_WARMUP=2 GDRO_ETA=0.005 TAG='_weak1_6ep'
Device: mps
PyTorch: 2.9.0  CUDA: False  MPS: True
PyTorch version: 2.9.0
CUDA available: False
MPS available: True
Using device: mps
[skip] kernel state missing (name 'model' is not defined); load a checkpoint first.
=== Loading data ===
Loaded 135751 sequences (binary DNA vs non-DNA)

Top-level class distribution:
  None          84512   (non-DNA -> 0)
  LTR           25568   (non-DNA -> 0)
  LINE          14084   (non-DNA -> 0)
  DNA           10779   (DNA -> 1)
  SINE            566   (non-DNA -> 0)
  PLE             151   (non-DNA -> 0)
  RC               91   (non-DNA -> 0)

Binary totals: DNA=10779, non-DNA=124972
After cap: 36637 (DNA=10382, non-DNA=26255)
Subset: 5000 sequences
Species in subset: 448 | clades: ['a', 'b', 'e', 'f', 'k', 'm', 'r', 's']
=== K-mer featurization ===
  [500/5000] 2.0s
  [1000/5000] 3.5s
  [1500/5000] 5.0s
  [2000/5000] 6.4s
  [2500/5000] 7.8s
  [3000/5000] 9.2s
  [3500/5000] 10.7s
  [4000/5000] 12.0s
  [4500/5000] 13.2s
  [5000/5000] 14.5s
Splits: train=2939 (268sp) | val=939 (90sp) | test=1122 (90sp)

>>> arm track=T3 stack=ON device=mps
  params: 2,446,988
=== Training (track=T3, stack=True, epochs=6) ===
  ep 1/6 | loss 9.7514 | val cls F1 0.2458 | val SF F1 0.0493 | gate (0.84,0.16) | 123s
      hAT P=0.000 R=0.000 F1=0.000 n=181
  ep 2/6 | loss 7.1640 | val cls F1 0.3179 | val SF F1 0.1251 | gate (0.39,0.61) | 121s
      hAT P=0.000 R=0.000 F1=0.000 n=181
  ep 3/6 | loss 6.2774 | val cls F1 0.3311 | val SF F1 0.0982 | gate (0.60,0.40) | 121s
      hAT P=0.000 R=0.000 F1=0.000 n=181
  ep 4/6 | loss 6.1488 | val cls F1 0.3456 | val SF F1 0.2004 | gate (0.54,0.46) | 121s
      hAT P=1.000 R=0.006 F1=0.011 n=181
  ep 5/6 | loss 5.8244 | val cls F1 0.4045 | val SF F1 0.2176 | gate (0.55,0.45) | 121s
      hAT P=0.902 R=0.254 F1=0.397 n=181
  ep 6/6 | loss 5.6041 | val cls F1 0.5371 | val SF F1 0.3325 | gate (0.55,0.45) | 121s
      hAT P=0.918 R=0.558 F1=0.694 n=181

=== Held-out test (species-disjoint) ===
  cls macro F1: 0.5772
  SF macro F1 : 0.2980
  gate mean   : (cnn=0.559, gnn=0.441)
  DNA                    P=0.135 R=0.310 F1=0.188 n=42
  DNA/Academ-1           P=1.000 R=0.077 F1=0.143 n=39
  DNA/CMC                P=0.000 R=0.000 F1=0.000 n=7
  DNA/Maverick           P=0.029 R=0.071 F1=0.041 n=14
  DNA/PIF-Harbinger      P=0.205 R=0.474 F1=0.286 n=19
  DNA/PiggyBac           P=0.538 R=0.438 F1=0.483 n=16
  DNA/TcMar-Tc1          P=0.793 R=0.500 F1=0.613 n=46
  DNA/hAT                P=0.824 R=0.510 F1=0.630 n=192
  per-clade hAT recall (test, clade-id):
    clade=0 n=163 R=0.571
    clade=3 n=7 R=0.143
    clade=4 n=10 R=0.400
    clade=6 n=9 R=0.000
    clade=7 n=3 R=0.000
  wrote /Users/alexyang/Documents/Part III System Biology/TE Classification/data_analysis/vgp_model_split_fix/v4/round2/results/T3/smoke_T3_stack_weak1_6ep.json
