=== T1_nostack_6ep ===
[params] EPOCHS=6 SUBSET_SIZE=5000 DANN_LAMBDA=0.5 DANN_WARMUP=1 GDRO_ETA=0.05 TAG='_6ep'
Device: mps
PyTorch: 2.9.0  CUDA: False  MPS: True
PyTorch version: 2.9.0
CUDA available: False
MPS available: True
Using device: mps
[skip] kernel state missing (name 'model' is not defined); load a checkpoint first.
=== Loading data ===
Loaded 135751 sequences (binary DNA vs non-DNA)

Top-level class distribution:
  None          84512   (non-DNA -> 0)
  LTR           25568   (non-DNA -> 0)
  LINE          14084   (non-DNA -> 0)
  DNA           10779   (DNA -> 1)
  SINE            566   (non-DNA -> 0)
  PLE             151   (non-DNA -> 0)
  RC               91   (non-DNA -> 0)

Binary totals: DNA=10779, non-DNA=124972
After cap: 36637 (DNA=10382, non-DNA=26255)
Subset: 5000 sequences
Species in subset: 448 | clades: ['a', 'b', 'e', 'f', 'k', 'm', 'r', 's']
=== K-mer featurization ===
  [500/5000] 2.2s
  [1000/5000] 3.7s
  [1500/5000] 5.2s
  [2000/5000] 6.6s
  [2500/5000] 8.0s
  [3000/5000] 9.4s
  [3500/5000] 10.9s
  [4000/5000] 12.2s
  [4500/5000] 13.4s
  [5000/5000] 14.7s
Splits: train=2939 (268sp) | val=939 (90sp) | test=1122 (90sp)

>>> arm track=T1 stack=OFF device=mps
  params: 1,889,292
=== Training (track=T1, stack=False, epochs=6) ===
  ep 1/6 | loss 3.3005 | val cls F1 0.6864 | val SF F1 0.0173 | gate (0.00,1.00) | 127s
      hAT P=0.000 R=0.000 F1=0.000 n=181
  ep 2/6 | loss 2.9411 | val cls F1 0.8573 | val SF F1 0.0167 | gate (0.01,0.99) | 124s
      hAT P=0.000 R=0.000 F1=0.000 n=181
  ep 3/6 | loss 2.7112 | val cls F1 0.8654 | val SF F1 0.0365 | gate (0.72,0.28) | 123s
      hAT P=0.000 R=0.000 F1=0.000 n=181
  ep 4/6 | loss 2.5850 | val cls F1 0.8567 | val SF F1 0.1550 | gate (0.90,0.10) | 122s
      hAT P=0.000 R=0.000 F1=0.000 n=181
  ep 5/6 | loss 2.4265 | val cls F1 0.8424 | val SF F1 0.1768 | gate (0.86,0.14) | 122s
      hAT P=0.000 R=0.000 F1=0.000 n=181
  ep 6/6 | loss 2.2177 | val cls F1 0.8704 | val SF F1 0.1503 | gate (0.77,0.23) | 122s
      hAT P=0.714 R=0.028 F1=0.053 n=181

=== Held-out test (species-disjoint) ===
  cls macro F1: 0.8218
  SF macro F1 : 0.2083
  gate mean   : (cnn=0.791, gnn=0.209)
  DNA                    P=0.191 R=0.214 F1=0.202 n=42
  DNA/Academ-1           P=0.321 R=0.641 F1=0.427 n=39
  DNA/CMC                P=0.000 R=0.000 F1=0.000 n=7
  DNA/Maverick           P=0.012 R=0.143 F1=0.022 n=14
  DNA/PIF-Harbinger      P=0.194 R=0.316 F1=0.240 n=19
  DNA/PiggyBac           P=0.105 R=0.125 F1=0.114 n=16
  DNA/TcMar-Tc1          P=0.880 R=0.478 F1=0.620 n=46
  DNA/hAT                P=0.667 R=0.021 F1=0.040 n=192
  per-clade hAT recall (test, clade-id):
    clade=0 n=163 R=0.000
    clade=3 n=7 R=0.000
    clade=4 n=10 R=0.000
    clade=6 n=9 R=0.444
    clade=7 n=3 R=0.000
  wrote /Users/alexyang/Documents/Part III System Biology/TE Classification/data_analysis/vgp_model_split_fix/v4/round2/results/T1/smoke_T1_nostack_6ep.json
  done -> results/round25_T1_nostack_6ep.log
=== T2_nostack_6ep ===
[params] EPOCHS=6 SUBSET_SIZE=5000 DANN_LAMBDA=0.5 DANN_WARMUP=1 GDRO_ETA=0.05 TAG='_6ep'
Device: mps
PyTorch: 2.9.0  CUDA: False  MPS: True
PyTorch version: 2.9.0
CUDA available: False
MPS available: True
Using device: mps
[skip] kernel state missing (name 'model' is not defined); load a checkpoint first.
=== Loading data ===
Loaded 135751 sequences (binary DNA vs non-DNA)

Top-level class distribution:
  None          84512   (non-DNA -> 0)
  LTR           25568   (non-DNA -> 0)
  LINE          14084   (non-DNA -> 0)
  DNA           10779   (DNA -> 1)
  SINE            566   (non-DNA -> 0)
  PLE             151   (non-DNA -> 0)
  RC               91   (non-DNA -> 0)

Binary totals: DNA=10779, non-DNA=124972
After cap: 36637 (DNA=10382, non-DNA=26255)
Subset: 5000 sequences
Species in subset: 448 | clades: ['a', 'b', 'e', 'f', 'k', 'm', 'r', 's']
=== K-mer featurization ===
  [500/5000] 2.0s
  [1000/5000] 3.5s
  [1500/5000] 5.0s
  [2000/5000] 6.4s
  [2500/5000] 7.8s
  [3000/5000] 9.2s
  [3500/5000] 10.7s
  [4000/5000] 12.1s
  [4500/5000] 13.3s
  [5000/5000] 14.5s
Splits: train=2939 (268sp) | val=939 (90sp) | test=1122 (90sp)

>>> arm track=T2 stack=OFF device=mps
  params: 803,594
=== Training (track=T2, stack=False, epochs=6) ===
  ep 1/6 | loss 3.3565 | val cls F1 0.4023 | val SF F1 0.0016 | gate n/a | 120s
      hAT P=0.000 R=0.000 F1=0.000 n=181
  ep 2/6 | loss 3.3534 | val cls F1 0.4748 | val SF F1 0.0463 | gate n/a | 120s
      hAT P=0.000 R=0.000 F1=0.000 n=181
  ep 3/6 | loss 3.3014 | val cls F1 0.4107 | val SF F1 0.0317 | gate n/a | 120s
      hAT P=0.000 R=0.000 F1=0.000 n=181
  ep 4/6 | loss 3.1875 | val cls F1 0.5392 | val SF F1 0.0017 | gate n/a | 120s
      hAT P=0.000 R=0.000 F1=0.000 n=181
  ep 5/6 | loss 3.1852 | val cls F1 0.6215 | val SF F1 0.0716 | gate n/a | 120s
      hAT P=0.000 R=0.000 F1=0.000 n=181
  ep 6/6 | loss 3.0713 | val cls F1 0.6984 | val SF F1 0.1270 | gate n/a | 120s
      hAT P=0.000 R=0.000 F1=0.000 n=181

=== Held-out test (species-disjoint) ===
  cls macro F1: 0.6670
  SF macro F1 : 0.1426
  DNA                    P=0.720 R=0.429 F1=0.537 n=42
  DNA/Academ-1           P=0.000 R=0.000 F1=0.000 n=39
  DNA/CMC                P=0.000 R=0.000 F1=0.000 n=7
  DNA/Maverick           P=0.036 R=0.786 F1=0.069 n=14
  DNA/PIF-Harbinger      P=0.000 R=0.000 F1=0.000 n=19
  DNA/PiggyBac           P=0.000 R=0.000 F1=0.000 n=16
  DNA/TcMar-Tc1          P=0.575 R=0.500 F1=0.535 n=46
  DNA/hAT                P=0.000 R=0.000 F1=0.000 n=192
  per-clade hAT recall (test, clade-id):
    clade=0 n=163 R=0.000
    clade=3 n=7 R=0.000
    clade=4 n=10 R=0.000
    clade=6 n=9 R=0.000
    clade=7 n=3 R=0.000
  wrote /Users/alexyang/Documents/Part III System Biology/TE Classification/data_analysis/vgp_model_split_fix/v4/round2/results/T2/smoke_T2_nostack_6ep.json
  done -> results/round25_T2_nostack_6ep.log
=== T3_nostack_6ep ===
[params] EPOCHS=6 SUBSET_SIZE=5000 DANN_LAMBDA=0.5 DANN_WARMUP=1 GDRO_ETA=0.05 TAG='_6ep'
Device: mps
PyTorch: 2.9.0  CUDA: False  MPS: True
PyTorch version: 2.9.0
CUDA available: False
MPS available: True
Using device: mps
[skip] kernel state missing (name 'model' is not defined); load a checkpoint first.
=== Loading data ===
Loaded 135751 sequences (binary DNA vs non-DNA)

Top-level class distribution:
  None          84512   (non-DNA -> 0)
  LTR           25568   (non-DNA -> 0)
  LINE          14084   (non-DNA -> 0)
  DNA           10779   (DNA -> 1)
  SINE            566   (non-DNA -> 0)
  PLE             151   (non-DNA -> 0)
  RC               91   (non-DNA -> 0)

Binary totals: DNA=10779, non-DNA=124972
After cap: 36637 (DNA=10382, non-DNA=26255)
Subset: 5000 sequences
Species in subset: 448 | clades: ['a', 'b', 'e', 'f', 'k', 'm', 'r', 's']
=== K-mer featurization ===
  [500/5000] 2.0s
  [1000/5000] 3.5s
  [1500/5000] 5.0s
  [2000/5000] 6.4s
  [2500/5000] 7.8s
  [3000/5000] 9.2s
  [3500/5000] 10.7s
  [4000/5000] 12.0s
  [4500/5000] 13.2s
  [5000/5000] 14.5s
Splits: train=2939 (268sp) | val=939 (90sp) | test=1122 (90sp)

>>> arm track=T3 stack=OFF device=mps
  params: 2,446,988
=== Training (track=T3, stack=False, epochs=6) ===
  ep 1/6 | loss 3.3428 | val cls F1 0.5799 | val SF F1 0.0065 | gate (0.59,0.41) | 122s
      hAT P=0.000 R=0.000 F1=0.000 n=181
  ep 2/6 | loss 2.9287 | val cls F1 0.6953 | val SF F1 0.0225 | gate (0.21,0.79) | 121s
      hAT P=0.000 R=0.000 F1=0.000 n=181
  ep 3/6 | loss 2.6569 | val cls F1 0.6801 | val SF F1 0.1716 | gate (0.40,0.60) | 120s
      hAT P=0.000 R=0.000 F1=0.000 n=181
  ep 4/6 | loss 2.4179 | val cls F1 0.6784 | val SF F1 0.1422 | gate (0.29,0.71) | 120s
      hAT P=0.500 R=0.017 F1=0.032 n=181
  ep 5/6 | loss 2.2158 | val cls F1 0.6641 | val SF F1 0.1866 | gate (0.66,0.34) | 120s
      hAT P=0.000 R=0.000 F1=0.000 n=181
  ep 6/6 | loss 2.0307 | val cls F1 0.6721 | val SF F1 0.1892 | gate (0.71,0.29) | 120s
      hAT P=0.500 R=0.022 F1=0.042 n=181

=== Held-out test (species-disjoint) ===
  cls macro F1: 0.6824
  SF macro F1 : 0.2829
  gate mean   : (cnn=0.714, gnn=0.286)
  DNA                    P=0.643 R=0.214 F1=0.321 n=42
  DNA/Academ-1           P=0.333 R=0.641 F1=0.439 n=39
  DNA/CMC                P=0.023 R=0.429 F1=0.043 n=7
  DNA/Maverick           P=0.016 R=0.071 F1=0.027 n=14
  DNA/PIF-Harbinger      P=0.250 R=0.421 F1=0.314 n=19
  DNA/PiggyBac           P=0.400 R=0.125 F1=0.190 n=16
  DNA/TcMar-Tc1          P=0.963 R=0.565 F1=0.712 n=46
  DNA/hAT                P=0.800 R=0.125 F1=0.216 n=192
  per-clade hAT recall (test, clade-id):
    clade=0 n=163 R=0.141
    clade=3 n=7 R=0.000
    clade=4 n=10 R=0.000
    clade=6 n=9 R=0.111
    clade=7 n=3 R=0.000
  wrote /Users/alexyang/Documents/Part III System Biology/TE Classification/data_analysis/vgp_model_split_fix/v4/round2/results/T3/smoke_T3_nostack_6ep.json
  done -> results/round25_T3_nostack_6ep.log
=== T3_weak1_6ep ===
[params] EPOCHS=6 SUBSET_SIZE=5000 DANN_LAMBDA=0.05 DANN_WARMUP=2 GDRO_ETA=0.005 TAG='_weak1_6ep'
Device: mps
PyTorch: 2.9.0  CUDA: False  MPS: True
PyTorch version: 2.9.0
CUDA available: False
MPS available: True
Using device: mps
[skip] kernel state missing (name 'model' is not defined); load a checkpoint first.
=== Loading data ===
Loaded 135751 sequences (binary DNA vs non-DNA)

Top-level class distribution:
  None          84512   (non-DNA -> 0)
  LTR           25568   (non-DNA -> 0)
  LINE          14084   (non-DNA -> 0)
  DNA           10779   (DNA -> 1)
  SINE            566   (non-DNA -> 0)
  PLE             151   (non-DNA -> 0)
  RC               91   (non-DNA -> 0)

Binary totals: DNA=10779, non-DNA=124972
After cap: 36637 (DNA=10382, non-DNA=26255)
Subset: 5000 sequences
Species in subset: 448 | clades: ['a', 'b', 'e', 'f', 'k', 'm', 'r', 's']
=== K-mer featurization ===
  [500/5000] 2.0s
  [1000/5000] 3.5s
  [1500/5000] 5.0s
  [2000/5000] 6.4s
  [2500/5000] 7.8s
  [3000/5000] 9.2s
  [3500/5000] 10.7s
  [4000/5000] 12.0s
  [4500/5000] 13.2s
  [5000/5000] 14.5s
Splits: train=2939 (268sp) | val=939 (90sp) | test=1122 (90sp)

>>> arm track=T3 stack=ON device=mps
  params: 2,446,988
=== Training (track=T3, stack=True, epochs=6) ===
  ep 1/6 | loss 9.7514 | val cls F1 0.2458 | val SF F1 0.0493 | gate (0.84,0.16) | 123s
      hAT P=0.000 R=0.000 F1=0.000 n=181
  ep 2/6 | loss 7.1640 | val cls F1 0.3179 | val SF F1 0.1251 | gate (0.39,0.61) | 121s
      hAT P=0.000 R=0.000 F1=0.000 n=181
  ep 3/6 | loss 6.2774 | val cls F1 0.3311 | val SF F1 0.0982 | gate (0.60,0.40) | 121s
      hAT P=0.000 R=0.000 F1=0.000 n=181
  ep 4/6 | loss 6.1488 | val cls F1 0.3456 | val SF F1 0.2004 | gate (0.54,0.46) | 121s
      hAT P=1.000 R=0.006 F1=0.011 n=181
  ep 5/6 | loss 5.8244 | val cls F1 0.4045 | val SF F1 0.2176 | gate (0.55,0.45) | 121s
      hAT P=0.902 R=0.254 F1=0.397 n=181
  ep 6/6 | loss 5.6041 | val cls F1 0.5371 | val SF F1 0.3325 | gate (0.55,0.45) | 121s
      hAT P=0.918 R=0.558 F1=0.694 n=181

=== Held-out test (species-disjoint) ===
  cls macro F1: 0.5772
  SF macro F1 : 0.2980
  gate mean   : (cnn=0.559, gnn=0.441)
  DNA                    P=0.135 R=0.310 F1=0.188 n=42
  DNA/Academ-1           P=1.000 R=0.077 F1=0.143 n=39
  DNA/CMC                P=0.000 R=0.000 F1=0.000 n=7
  DNA/Maverick           P=0.029 R=0.071 F1=0.041 n=14
  DNA/PIF-Harbinger      P=0.205 R=0.474 F1=0.286 n=19
  DNA/PiggyBac           P=0.538 R=0.438 F1=0.483 n=16
  DNA/TcMar-Tc1          P=0.793 R=0.500 F1=0.613 n=46
  DNA/hAT                P=0.824 R=0.510 F1=0.630 n=192
  per-clade hAT recall (test, clade-id):
    clade=0 n=163 R=0.571
    clade=3 n=7 R=0.143
    clade=4 n=10 R=0.400
    clade=6 n=9 R=0.000
    clade=7 n=3 R=0.000
  wrote /Users/alexyang/Documents/Part III System Biology/TE Classification/data_analysis/vgp_model_split_fix/v4/round2/results/T3/smoke_T3_stack_weak1_6ep.json
  done -> results/round25_T3_weak1_6ep.log
=== T3_weak2_6ep ===
[params] EPOCHS=6 SUBSET_SIZE=5000 DANN_LAMBDA=0.15 DANN_WARMUP=2 GDRO_ETA=0.02 TAG='_weak2_6ep'
Device: mps
PyTorch: 2.9.0  CUDA: False  MPS: True
PyTorch version: 2.9.0
CUDA available: False
MPS available: True
Using device: mps
[skip] kernel state missing (name 'model' is not defined); load a checkpoint first.
=== Loading data ===
Loaded 135751 sequences (binary DNA vs non-DNA)

Top-level class distribution:
  None          84512   (non-DNA -> 0)
  LTR           25568   (non-DNA -> 0)
  LINE          14084   (non-DNA -> 0)
  DNA           10779   (DNA -> 1)
  SINE            566   (non-DNA -> 0)
  PLE             151   (non-DNA -> 0)
  RC               91   (non-DNA -> 0)

Binary totals: DNA=10779, non-DNA=124972
After cap: 36637 (DNA=10382, non-DNA=26255)
Subset: 5000 sequences
Species in subset: 448 | clades: ['a', 'b', 'e', 'f', 'k', 'm', 'r', 's']
=== K-mer featurization ===
  [500/5000] 2.0s
  [1000/5000] 3.4s
  [1500/5000] 4.9s
  [2000/5000] 6.4s
  [2500/5000] 7.8s
  [3000/5000] 9.2s
  [3500/5000] 10.7s
  [4000/5000] 12.1s
  [4500/5000] 13.3s
  [5000/5000] 14.5s
Splits: train=2939 (268sp) | val=939 (90sp) | test=1122 (90sp)

>>> arm track=T3 stack=ON device=mps
  params: 2,446,988
=== Training (track=T3, stack=True, epochs=6) ===
  ep 1/6 | loss 11.2441 | val cls F1 0.2464 | val SF F1 0.0200 | gate (0.96,0.04) | 123s
      hAT P=0.000 R=0.000 F1=0.000 n=181
  ep 2/6 | loss 8.8140 | val cls F1 0.2464 | val SF F1 0.0756 | gate (0.54,0.46) | 121s
      hAT P=0.000 R=0.000 F1=0.000 n=181
  ep 3/6 | loss 8.1731 | val cls F1 0.2464 | val SF F1 0.0943 | gate (0.77,0.23) | 121s
      hAT P=0.000 R=0.000 F1=0.000 n=181
  ep 4/6 | loss 7.0879 | val cls F1 0.2464 | val SF F1 0.1889 | gate (0.90,0.10) | 121s
      hAT P=0.890 R=0.536 F1=0.669 n=181
  ep 5/6 | loss 6.7123 | val cls F1 0.2546 | val SF F1 0.1560 | gate (0.96,0.04) | 120s
      hAT P=0.000 R=0.000 F1=0.000 n=181
  ep 6/6 | loss 6.2440 | val cls F1 0.4201 | val SF F1 0.1343 | gate (0.57,0.43) | 120s
      hAT P=0.000 R=0.000 F1=0.000 n=181

=== Held-out test (species-disjoint) ===
  cls macro F1: 0.4532
  SF macro F1 : 0.1120
  gate mean   : (cnn=0.566, gnn=0.434)
  DNA                    P=0.154 R=0.095 F1=0.118 n=42
  DNA/Academ-1           P=0.150 R=0.231 F1=0.182 n=39
  DNA/CMC                P=0.074 R=0.286 F1=0.118 n=7
  DNA/Maverick           P=0.005 R=0.071 F1=0.009 n=14
  DNA/PIF-Harbinger      P=0.143 R=0.053 F1=0.077 n=19
  DNA/PiggyBac           P=0.235 R=0.250 F1=0.242 n=16
  DNA/TcMar-Tc1          P=0.176 R=0.130 F1=0.150 n=46
  DNA/hAT                P=0.000 R=0.000 F1=0.000 n=192
  per-clade hAT recall (test, clade-id):
    clade=0 n=163 R=0.000
    clade=3 n=7 R=0.000
    clade=4 n=10 R=0.000
    clade=6 n=9 R=0.000
    clade=7 n=3 R=0.000
  wrote /Users/alexyang/Documents/Part III System Biology/TE Classification/data_analysis/vgp_model_split_fix/v4/round2/results/T3/smoke_T3_stack_weak2_6ep.json
  done -> results/round25_T3_weak2_6ep.log
ALL ROUND-2.5 ARMS DONE
