=== Training (track=T2, stack=False, epochs=3) ===
  ep 1/3 | loss 3.5837 | val cls F1 0.4023 | val SF F1 0.0016 | gate n/a | 119s
      hAT P=0.000 R=0.000 F1=0.000 n=181
  ep 2/3 | loss 3.4674 | val cls F1 0.2464 | val SF F1 0.0125 | gate n/a | 120s
      hAT P=0.000 R=0.000 F1=0.000 n=181
  ep 3/3 | loss 3.2812 | val cls F1 0.5766 | val SF F1 0.0250 | gate n/a | 120s
      hAT P=0.000 R=0.000 F1=0.000 n=181

=== Held-out test (species-disjoint) ===
  cls macro F1: 0.5796
  SF macro F1 : 0.0713
  DNA                    P=0.929 R=0.310 F1=0.464 n=42
  DNA/Academ-1           P=0.000 R=0.000 F1=0.000 n=39
  DNA/CMC                P=0.056 R=1.000 F1=0.106 n=7
  DNA/Maverick           P=0.000 R=0.000 F1=0.000 n=14
  DNA/PIF-Harbinger      P=0.000 R=0.000 F1=0.000 n=19
  DNA/PiggyBac           P=0.000 R=0.000 F1=0.000 n=16
  DNA/TcMar-Tc1          P=0.000 R=0.000 F1=0.000 n=46
  DNA/hAT                P=0.000 R=0.000 F1=0.000 n=192
  per-clade hAT recall (test, clade-id):
    clade=0 n=163 R=0.000
    clade=3 n=7 R=0.000
    clade=4 n=10 R=0.000
    clade=6 n=9 R=0.000
    clade=7 n=3 R=0.000
