=== Training (track=T3, stack=True, epochs=6) ===
  ep 1/6 | loss 11.2441 | val cls F1 0.2464 | val SF F1 0.0200 | gate (0.96,0.04) | 123s
      hAT P=0.000 R=0.000 F1=0.000 n=181
  ep 2/6 | loss 8.8140 | val cls F1 0.2464 | val SF F1 0.0756 | gate (0.54,0.46) | 121s
      hAT P=0.000 R=0.000 F1=0.000 n=181
  ep 3/6 | loss 8.1731 | val cls F1 0.2464 | val SF F1 0.0943 | gate (0.77,0.23) | 121s
      hAT P=0.000 R=0.000 F1=0.000 n=181
  ep 4/6 | loss 7.0879 | val cls F1 0.2464 | val SF F1 0.1889 | gate (0.90,0.10) | 121s
      hAT P=0.890 R=0.536 F1=0.669 n=181
  ep 5/6 | loss 6.7123 | val cls F1 0.2546 | val SF F1 0.1560 | gate (0.96,0.04) | 120s
      hAT P=0.000 R=0.000 F1=0.000 n=181
  ep 6/6 | loss 6.2440 | val cls F1 0.4201 | val SF F1 0.1343 | gate (0.57,0.43) | 120s
      hAT P=0.000 R=0.000 F1=0.000 n=181

=== Held-out test (species-disjoint) ===
  cls macro F1: 0.4532
  SF macro F1 : 0.1120
  gate mean   : (cnn=0.566, gnn=0.434)
  DNA                    P=0.154 R=0.095 F1=0.118 n=42
  DNA/Academ-1           P=0.150 R=0.231 F1=0.182 n=39
  DNA/CMC                P=0.074 R=0.286 F1=0.118 n=7
  DNA/Maverick           P=0.005 R=0.071 F1=0.009 n=14
  DNA/PIF-Harbinger      P=0.143 R=0.053 F1=0.077 n=19
  DNA/PiggyBac           P=0.235 R=0.250 F1=0.242 n=16
  DNA/TcMar-Tc1          P=0.176 R=0.130 F1=0.150 n=46
  DNA/hAT                P=0.000 R=0.000 F1=0.000 n=192
  per-clade hAT recall (test, clade-id):
    clade=0 n=163 R=0.000
    clade=3 n=7 R=0.000
    clade=4 n=10 R=0.000
    clade=6 n=9 R=0.000
    clade=7 n=3 R=0.000
