=== Training (track=T3, stack=False, epochs=3) ===
  ep 1/3 | loss 3.1884 | val cls F1 0.6698 | val SF F1 0.0182 | gate (0.02,0.98) | 121s
      hAT P=0.000 R=0.000 F1=0.000 n=181
  ep 2/3 | loss 3.0986 | val cls F1 0.6952 | val SF F1 0.0244 | gate (0.72,0.28) | 121s
      hAT P=0.000 R=0.000 F1=0.000 n=181
  ep 3/3 | loss 2.7073 | val cls F1 0.6765 | val SF F1 0.0714 | gate (0.88,0.12) | 120s
      hAT P=0.000 R=0.000 F1=0.000 n=181

=== Held-out test (species-disjoint) ===
  cls macro F1: 0.6962
  SF macro F1 : 0.0863
  gate mean   : (cnn=0.867, gnn=0.133)
  DNA                    P=0.000 R=0.000 F1=0.000 n=42
  DNA/Academ-1           P=0.166 R=0.718 F1=0.269 n=39
  DNA/CMC                P=0.045 R=0.143 F1=0.069 n=7
  DNA/Maverick           P=0.014 R=0.143 F1=0.025 n=14
  DNA/PIF-Harbinger      P=0.034 R=0.053 F1=0.042 n=19
  DNA/PiggyBac           P=0.000 R=0.000 F1=0.000 n=16
  DNA/TcMar-Tc1          P=0.800 R=0.174 F1=0.286 n=46
  DNA/hAT                P=0.000 R=0.000 F1=0.000 n=192
  per-clade hAT recall (test, clade-id):
    clade=0 n=163 R=0.000
    clade=3 n=7 R=0.000
    clade=4 n=10 R=0.000
    clade=6 n=9 R=0.000
    clade=7 n=3 R=0.000
