=== Training (track=T3, stack=True, epochs=3) ===
  ep 1/3 | loss 10.8944 | val cls F1 0.2464 | val SF F1 0.1186 | gate (0.18,0.82) | 123s
      hAT P=0.000 R=0.000 F1=0.000 n=181
  ep 2/3 | loss 8.5230 | val cls F1 0.2464 | val SF F1 0.0430 | gate (0.13,0.87) | 121s
      hAT P=0.000 R=0.000 F1=0.000 n=181
  ep 3/3 | loss 7.5476 | val cls F1 0.2482 | val SF F1 0.0747 | gate (0.29,0.71) | 122s
      hAT P=0.000 R=0.000 F1=0.000 n=181

=== Held-out test (species-disjoint) ===
  cls macro F1: 0.2505
  SF macro F1 : 0.0388
  gate mean   : (cnn=0.281, gnn=0.719)
  DNA                    P=0.000 R=0.000 F1=0.000 n=42
  DNA/Academ-1           P=0.250 R=0.051 F1=0.085 n=39
  DNA/CMC                P=0.024 R=0.143 F1=0.041 n=7
  DNA/Maverick           P=0.000 R=0.000 F1=0.000 n=14
  DNA/PIF-Harbinger      P=0.024 R=0.263 F1=0.043 n=19
  DNA/PiggyBac           P=0.080 R=0.562 F1=0.141 n=16
  DNA/TcMar-Tc1          P=0.000 R=0.000 F1=0.000 n=46
  DNA/hAT                P=0.000 R=0.000 F1=0.000 n=192
  per-clade hAT recall (test, clade-id):
    clade=0 n=163 R=0.000
    clade=3 n=7 R=0.000
    clade=4 n=10 R=0.000
    clade=6 n=9 R=0.000
    clade=7 n=3 R=0.000
