# notebook: 02_train.ipynb
# variant : binary_dna
# start   : Sun Apr 26 03:24:08 2026

--- cell #2 stdout ---
Variant:  binary_dna
Smoke:    False
Save dir: /Users/alexyang/Documents/Part III System Biology/TE Classification/models/scripts/hybrid_v4_3_lite/results/binary_dna
--- cell #4 stdout ---
PyTorch 2.9.0 on mps
--- cell #6 stdout ---
Loaded 135,751 FASTA records and 50,431 labelled headers in 0.4s
--- cell #8 stdout ---
Excluded 28 sequences from benchmark genomes
After filtering: 30,701 sequences across 23 superfamilies
Top-level head (2-way):
  non-DNA: 22,220
  DNA: 8,481
--- cell #10 stdout ---
Featurized 30,701 sequences in 1268.5s
  feature dim: 1025 (= KMER_DIM + 1 position)
--- cell #12 stdout ---
Trainval: 24,560    Held-out test: 6,141
5-fold CV indices ready (rotating per epoch).
--- cell #14 stdout ---
Model parameters: 441,371 (0.441 M)
--- cell #14 stdout ---
top-level class weights: {'non-DNA': 0.764, 'DNA': 1.236}
sf weights: min=0.498  max=2.403  mean=1.000
--- cell #20 stdout ---
Ep   1 fold1 | loss 0.7926 | TOP train 0.420 val 0.420  | SF  train 0.004 val 0.004  gap -0.000 | gate C/G 0.46/0.54
  saved (top-3: [1])
--- cell #20 stdout ---
Ep   2 fold2 | loss 0.7601 | TOP train 0.420 val 0.420  | SF  train 0.004 val 0.004  gap -0.000 | gate C/G 0.23/0.77
  saved (top-3: [1, 2])
--- cell #20 stdout ---
Ep   3 fold3 | loss 12867.3509 | TOP train 0.420 val 0.420  | SF  train 0.004 val 0.004  gap +0.000 | gate C/G 0.46/0.54
  saved (top-3: [1, 2, 3])
--- cell #20 stdout ---
Ep   4 fold4 | loss nan | TOP train 0.420 val 0.420  | SF  train 0.004 val 0.004  gap +0.000 | gate C/G nan/nan
--- cell #20 stdout ---
Ep   5 fold5 | loss nan | TOP train 0.420 val 0.420  | SF  train 0.004 val 0.004  gap -0.000 | gate C/G nan/nan
  saved (top-3: [1, 2, 5])
--- cell #20 stdout ---
Ep   6 fold1 | loss nan | TOP train 0.420 val 0.420  | SF  train 0.004 val 0.004  gap -0.000 | gate C/G nan/nan
--- cell #20 stdout ---
Ep   7 fold2 | loss nan | TOP train 0.420 val 0.420  | SF  train 0.004 val 0.004  gap -0.000 | gate C/G nan/nan
--- cell #20 stdout ---
Ep   8 fold3 | loss nan | TOP train 0.420 val 0.420  | SF  train 0.004 val 0.004  gap +0.000 | gate C/G nan/nan

Early stop: no improvement in val_sf_f1 for 7 epochs.

Training done in 45.4 min (340.2s/epoch). Best val_sf_f1 = 0.0041
--- cell #22 stdout ---
Loaded best checkpoint from epoch 5 (val score 0.0041)
--- cell #22 stdout ---

--- HELD-OUT VGP TEST ---
  TOP   acc 0.7237   macro-F1 0.4198
  SF    acc 0.0498   macro-F1 0.0041
  Gate  CNN nan   GNN nan

--- TRAIN -> VAL -> TEST F1 GAPS (best epoch) ---
  TOP-F1   train 0.4199  val 0.4199  test 0.4198   gap(tr-te) +0.0000
  SF-F1    train 0.0041  val 0.0041  test 0.0041   gap(tr-te) -0.0000

--- TOP-LEVEL classification report ---
              precision    recall  f1-score   support

     non-DNA      0.724     1.000     0.840      4444
         DNA      0.000     0.000     0.000      1697

    accuracy                          0.724      6141
   macro avg      0.362     0.500     0.420      6141
weighted avg      0.524     0.724     0.608      6141

--- cell #24 stdout ---
{
  "variant": "binary_dna",
  "n_params": 441371,
  "best_epoch": 5,
  "epochs_run": 8,
  "train_top_f1": 0.41986535963151056,
  "val_top_f1": 0.4199338686820973,
  "test_top_acc": 0.7236606415893178,
  "test_top_f1": 0.4198393953708077,
  "train_sf_f1": 0.004123120249242197,
  "val_sf_f1": 0.004131151410914671,
  "test_sf_acc": 0.049829018075232046,
  "test_sf_f1": 0.004127298844760961,
  "top_f1_gap_train_test": 2.5964260702837638e-05,
  "sf_f1_gap_train_test": -4.1785955187632895e-06,
  "gate_cnn_test": NaN,
  "gate_gnn_test": NaN
}

Saved -> /Users/alexyang/Documents/Part III System Biology/TE Classification/models/scripts/hybrid_v4_3_lite/results/binary_dna

# end     : Sun Apr 26 04:31:08 2026
# elapsed : 67.0 min
# success : True
